<?xml version="1.0" encoding="UTF-8"?>
<!-- Generated by org.testng.reporters.JUnitReportReporter -->
<testsuite hostname="LAPTOP-OOJD2GM0" failures="0" tests="3" name="Realtime" time="137.740" errors="0" timestamp="2023-07-03T16:43:31 IST" skipped="0">
  <testcase classname="Realtime" name="loginTest" time="32.471"/>
  <system-out/>
  <testcase classname="Realtime" name="loginTest" time="49.839"/>
  <system-out/>
  <testcase classname="Realtime" name="loginTest" time="55.430"/>
  <system-out/>
</testsuite> <!-- Realtime -->
