<?xml version="1.0" encoding="UTF-8"?>
<!-- Generated by org.testng.reporters.JUnitReportReporter -->
<testsuite hostname="LAPTOP-OOJD2GM0" failures="0" tests="3" name="com.data.Realtime" time="40.703" errors="0" timestamp="2023-07-03T21:42:35 IST" skipped="0">
  <testcase classname="com.data.Realtime" name="loginTest" time="13.920"/>
  <system-out/>
  <testcase classname="com.data.Realtime" name="loginTest" time="15.315"/>
  <system-out/>
  <testcase classname="com.data.Realtime" name="loginTest" time="11.468"/>
  <system-out/>
</testsuite> <!-- com.data.Realtime -->
